<?xml version="1.0" encoding="UTF-8"?>
<testng-results ignored="0" total="1" passed="1" failed="0" skipped="0">
  <reporter-output>
  </reporter-output>
  <suite started-at="2023-05-16T19:53:02 IST" name="Default suite" finished-at="2023-05-16T19:53:21 IST" duration-ms="19576">
    <groups>
    </groups>
    <test started-at="2023-05-16T19:53:02 IST" name="Default test" finished-at="2023-05-16T19:53:21 IST" duration-ms="19576">
      <class name="excelhandling.Excelfile1">
        <test-method signature="test1()[pri:0, instance:excelhandling.Excelfile1@5c5eefef]" started-at="2023-05-16T19:53:02 IST" name="test1" finished-at="2023-05-16T19:53:21 IST" duration-ms="19503" status="PASS">
          <reporter-output>
          </reporter-output>
        </test-method> <!-- test1 -->
      </class> <!-- excelhandling.Excelfile1 -->
    </test> <!-- Default test -->
  </suite> <!-- Default suite -->
</testng-results>
